<?xml version="1.0" encoding="UTF-8"?>
<testng-results skipped="0" failed="0" ignored="0" total="1" passed="1">
  <reporter-output>
  </reporter-output>
  <suite name="Suite" duration-ms="6447" started-at="2018-12-07T15:20:08Z" finished-at="2018-12-07T15:20:14Z">
    <groups>
    </groups>
    <test name="Test" duration-ms="6447" started-at="2018-12-07T15:20:08Z" finished-at="2018-12-07T15:20:14Z">
      <class name="NewTest">
        <test-method status="PASS" signature="f()[pri:0, instance:NewTest@3b81a1bc]" name="f" duration-ms="6420" started-at="2018-12-07T15:20:08Z" finished-at="2018-12-07T15:20:14Z">
          <reporter-output>
          </reporter-output>
        </test-method> <!-- f -->
      </class> <!-- NewTest -->
    </test> <!-- Test -->
  </suite> <!-- Suite -->
</testng-results>
